<?xml version="1.0" encoding="UTF-8"?>
<!-- Generated by org.testng.reporters.JUnitReportReporter -->
<testsuite hostname="sukumar123" name="extras.Exampe1" tests="3" failures="0" timestamp="23 Aug 2020 15:38:24 GMT" time="0.030" errors="0">
  <testcase name="method3" time="0.008" classname="extras.Exampe1"/>
  <testcase name="method2" time="0.012" classname="extras.Exampe1"/>
  <testcase name="method1" time="0.010" classname="extras.Exampe1"/>
</testsuite> <!-- extras.Exampe1 -->
