<?xml version="1.0" encoding="UTF-8"?>
<!-- Generated by org.testng.reporters.JUnitReportReporter -->
<testsuite hostname="sukumar123" name="tests.RunnerCricbuzz" tests="1" failures="0" timestamp="7 Dec 2020 07:38:38 GMT" time="10.357" errors="0">
  <testcase name="method2" time="10.357" classname="tests.RunnerCricbuzz"/>
</testsuite> <!-- tests.RunnerCricbuzz -->
